::1 - - [19/Dec/2021:18:42:42 +0000] "GET / HTTP/1.1" 200 31
::1 - - [19/Dec/2021:18:42:42 +0000] "GET /favicon.ico HTTP/1.1" 404 150
::1 - - [19/Dec/2021:18:42:56 +0000] "GET /movies HTTP/1.1" 200 514
::1 - - [19/Dec/2021:18:43:00 +0000] "GET / HTTP/1.1" 304 -
::1 - - [19/Dec/2021:18:44:10 +0000] "GET / HTTP/1.1" 200 15
::1 - - [19/Dec/2021:18:52:59 +0000] "GET / HTTP/1.1" 200 31
::1 - - [19/Dec/2021:18:53:05 +0000] "GET /movies HTTP/1.1" 304 -
::1 - - [19/Dec/2021:22:05:37 +0000] "GET / HTTP/1.1" 304 -
::1 - - [19/Dec/2021:22:06:46 +0000] "GET /documentation HTTP/1.1" 200 15
::1 - - [19/Dec/2021:22:10:00 +0000] "GET / HTTP/1.1" 304 -
::1 - - [21/Dec/2021:00:52:26 +0000] "GET / HTTP/1.1" 304 -
::1 - - [21/Dec/2021:00:52:26 +0000] "GET /favicon.ico HTTP/1.1" 404 150
::1 - - [21/Dec/2021:00:52:50 +0000] "GET /documentation HTTP/1.1" 200 15
::1 - - [21/Dec/2021:00:53:47 +0000] "GET /documentation HTTP/1.1" 404 152
::1 - - [21/Dec/2021:23:07:33 +0000] "GET /documentation HTTP/1.1" 200 3453
::1 - - [21/Dec/2021:23:07:33 +0000] "GET /favicon.ico HTTP/1.1" 404 150
::1 - - [21/Dec/2021:23:07:40 +0000] "GET / HTTP/1.1" 304 -
::1 - - [21/Dec/2021:23:07:44 +0000] "GET /movies HTTP/1.1" 200 1329
::1 - - [21/Dec/2021:23:08:04 +0000] "GET /movies/Dangal HTTP/1.1" 200 126
::1 - - [21/Dec/2021:23:08:23 +0000] "GET /movies/Nites%20Tiwari HTTP/1.1" 200 15
::1 - - [21/Dec/2021:23:08:34 +0000] "GET /directors/Nites%20Tiwari HTTP/1.1" 200 -
::1 - - [21/Dec/2021:23:08:42 +0000] "GET /directors/Nites%20Tiwari HTTP/1.1" 200 -
::1 - - [21/Dec/2021:23:09:26 +0000] "GET /directors/Nitesh%20Tiwari HTTP/1.1" 200 126
::1 - - [21/Dec/2021:23:09:41 +0000] "GET /genres/Crime HTTP/1.1" 200 279
::1 - - [21/Dec/2021:23:09:52 +0000] "GET /users HTTP/1.1" 200 15
::1 - - [21/Dec/2021:23:11:03 +0000] "POST /users HTTP/1.1" 200 15
::1 - - [21/Dec/2021:23:11:57 +0000] "POST /users HTTP/1.1" 200 15
::1 - - [21/Dec/2021:23:12:37 +0000] "POST /users HTTP/1.1" 200 15
::1 - - [21/Dec/2021:23:13:18 +0000] "POST /users HTTP/1.1" 200 15
::1 - - [21/Dec/2021:23:18:14 +0000] "POST /users HTTP/1.1" 200 15
::1 - - [21/Dec/2021:23:18:24 +0000] "GET /users HTTP/1.1" 200 15
::1 - - [21/Dec/2021:23:19:02 +0000] "POST /users HTTP/1.1" 200 15
::1 - - [21/Dec/2021:23:19:09 +0000] "GET /movies HTTP/1.1" 200 1329
::1 - - [21/Dec/2021:23:21:09 +0000] "GET /movies HTTP/1.1" 200 1329
::1 - - [21/Dec/2021:23:21:22 +0000] "POST /users HTTP/1.1" 200 15
::1 - - [21/Dec/2021:23:21:31 +0000] "POST /users/ HTTP/1.1" 200 15
::1 - - [21/Dec/2021:23:23:36 +0000] "POST /users/ HTTP/1.1" 200 15
::1 - - [21/Dec/2021:23:23:44 +0000] "POST /users HTTP/1.1" 200 15
::1 - - [21/Dec/2021:23:24:13 +0000] "POST /users HTTP/1.1" 200 15
::1 - - [21/Dec/2021:23:25:23 +0000] "POST /users HTTP/1.1" 201 71
::1 - - [21/Dec/2021:23:26:14 +0000] "GET /users HTTP/1.1" 200 73
::1 - - [21/Dec/2021:23:26:38 +0000] "PUT /Ricardo/Rahul HTTP/1.1" 404 152
::1 - - [21/Dec/2021:23:26:50 +0000] "PUT /users/Ricardo/Rahul HTTP/1.1" 201 18
::1 - - [21/Dec/2021:23:31:57 +0000] "PUT /users/Ricardo/Rahul HTTP/1.1" 201 18
::1 - - [21/Dec/2021:23:32:15 +0000] "PUT /users/Raj/Rahul HTTP/1.1" 404 28
::1 - - [21/Dec/2021:23:32:29 +0000] "POST /users/ HTTP/1.1" 400 27
::1 - - [21/Dec/2021:23:33:38 +0000] "POST /favorites/Titanic HTTP/1.1" 200 72
::1 - - [21/Dec/2021:23:33:44 +0000] "DELETE /favorites/Titanic HTTP/1.1" 200 58
::1 - - [21/Dec/2021:23:34:06 +0000] "GET /documentation HTTP/1.1" 200 3453
::1 - - [21/Dec/2021:23:34:18 +0000] "GET /documentation HTTP/1.1" 304 -
::1 - - [21/Dec/2021:23:36:25 +0000] "POST /users HTTP/1.1" 201 71
::1 - - [21/Dec/2021:23:36:41 +0000] "PUT /users/Ricardo/Roberto HTTP/1.1" 201 50
